%%[ ProductName: Distiller ]%%
%%[Page: 1]%%
%%[Page: 2]%%
%%[Page: 3]%%
%%[Page: 4]%%
%%[Page: 5]%%
%%[Page: 6]%%
%%[Page: 7]%%
%%[Page: 8]%%
%%[Page: 9]%%
%%[Page: 10]%%
%%[Page: 11]%%
%%[Page: 12]%%
%%[Page: 13]%%
%%[Page: 14]%%
%%[Page: 15]%%
%%[Page: 16]%%
Nunito-Regular not found, using Courier.
%%[ Warning: unable to embed font /Courier.Out of memory. ]%%
%%[ Warning: Courier cannot be embedded because of font file error. ]%%
%%[ Flushing: rest of job (to end-of-file) will be ignored ]%%
%%[ Warning: PostScript error. No PDF file produced. ] %%
